<?xml version="1.0" encoding="UTF-8"?>
<!-- Generated by org.testng.reporters.JUnitReportReporter -->
<testsuite hostname="Penubolu" failures="0" tests="1" name="testCases.LoginTest" time="1.896" errors="0" timestamp="2022-08-03T23:56:20 SGT" skipped="0">
  <testcase classname="testCases.LoginTest" name="loginTest" time="1.896"/>
  <system-out/>
</testsuite> <!-- testCases.LoginTest -->
