<?xml version="1.0" encoding="UTF-8"?>
<!-- Generated by org.testng.reporters.JUnitReportReporter -->
<testsuite hostname="Penubolu" failures="0" tests="1" name="com.inetBanking.testCases.LoginTest" time="1.321" errors="0" timestamp="2022-05-19T14:28:31 SGT" skipped="0">
  <testcase classname="com.inetBanking.testCases.LoginTest" name="loginTest" time="1.321"/>
  <system-out/>
</testsuite> <!-- com.inetBanking.testCases.LoginTest -->
