<?xml version="1.0" encoding="UTF-8"?>
<!-- Generated by org.testng.reporters.JUnitReportReporter -->
<testsuite hostname="Penubolu" failures="0" tests="4" name="testCases.LoginDDT" time="8.427" errors="0" timestamp="2022-08-03T23:56:20 SGT" skipped="0">
  <testcase classname="testCases.LoginDDT" name="loginDDT" time="1.773"/>
  <system-out/>
  <testcase classname="testCases.LoginDDT" name="loginDDT" time="2.872"/>
  <system-out/>
  <testcase classname="testCases.LoginDDT" name="loginDDT" time="1.725"/>
  <system-out/>
  <testcase classname="testCases.LoginDDT" name="loginDDT" time="2.057"/>
  <system-out/>
</testsuite> <!-- testCases.LoginDDT -->
