<?xml version="1.0" encoding="UTF-8"?>
<!-- Generated by org.testng.reporters.JUnitReportReporter -->
<testsuite hostname="Penubolu" failures="0" tests="1" name="testCases.EditCustomerTest" time="29.975" errors="0" timestamp="2022-08-09T11:10:50 SGT" skipped="0">
  <testcase classname="testCases.EditCustomerTest" name="editCustomer" time="29.975"/>
  <system-out/>
</testsuite> <!-- testCases.EditCustomerTest -->
