<?xml version="1.0" encoding="UTF-8"?>
<!-- Generated by org.testng.reporters.JUnitReportReporter -->
<testsuite hostname="Penubolu" failures="0" tests="4" name="testCases.LoginDDT" time="10.080" errors="0" timestamp="2022-08-09T11:10:50 SGT" skipped="0">
  <testcase classname="testCases.LoginDDT" name="loginDDT" time="4.469"/>
  <system-out/>
  <testcase classname="testCases.LoginDDT" name="loginDDT" time="1.854"/>
  <system-out/>
  <testcase classname="testCases.LoginDDT" name="loginDDT" time="1.810"/>
  <system-out/>
  <testcase classname="testCases.LoginDDT" name="loginDDT" time="1.947"/>
  <system-out/>
</testsuite> <!-- testCases.LoginDDT -->
