<?xml version="1.0" encoding="UTF-8"?>
<!-- Generated by org.testng.reporters.JUnitReportReporter -->
<testsuite hostname="Penubolu" failures="0" tests="1" name="testCases.LoginTest" time="1.638" errors="0" timestamp="2022-08-09T11:10:50 SGT" skipped="0">
  <testcase classname="testCases.LoginTest" name="loginTest" time="1.638"/>
  <system-out/>
</testsuite> <!-- testCases.LoginTest -->
